<?xml version="1.0" encoding="UTF-8"?>
<!-- Generated by org.testng.reporters.JUnitXMLReporter -->
<testsuite ignored="0" hostname="DESKTOP-VLHIS80" failures="0" tests="12" name="Default test" time="56.728" errors="0" timestamp="2025-05-05T13:51:01 GMT+03:00">
  <testcase classname="almosafer.almosafer.AlmosaferTest" name="CheckTheDefaultLanguageIsEnglish" time="3.065"/>
  <testcase classname="almosafer.almosafer.AlmosaferTest" name="CheckDefaultCurrencyIsSAR" time="3.067"/>
  <testcase classname="almosafer.almosafer.AlmosaferTest" name="CheckTheContactNumber" time="3.053"/>
  <testcase classname="almosafer.almosafer.AlmosaferTest" name="TestVerifyQitafLogoInFooter" time="5.737"/>
  <testcase classname="almosafer.almosafer.AlmosaferTest" name="checkHotelsTabNotSelectedByDefault" time="3.041"/>
  <testcase classname="almosafer.almosafer.AlmosaferTest" name="checkDepartureDateIsDayAfterTomorrow" time="3.076"/>
  <testcase classname="almosafer.almosafer.AlmosaferTest" name="checkReturnDateIsDayAfterTomorrow" time="3.062"/>
  <testcase classname="almosafer.almosafer.AlmosaferTest" name="changeLanguageRandomly" time="5.503"/>
  <testcase classname="almosafer.almosafer.AlmosaferTest" name="switchToHotelTab" time="5.708"/>
  <testcase classname="almosafer.almosafer.AlmosaferTest" name="TestSelectRandomStayOption" time="2.422"/>
  <testcase classname="almosafer.almosafer.AlmosaferTest" name="clickOnSearchHotelsButton" time="11.211"/>
  <testcase classname="almosafer.almosafer.AlmosaferTest" name="waitForHotelsResultsToLoad" time="4.056"/>
</testsuite> <!-- Default test -->
