<?xml version="1.0" encoding="UTF-8"?>
<testng-results ignored="0" total="12" passed="12" failed="0" skipped="0">
  <reporter-output>
  </reporter-output>
  <suite started-at="2025-05-05T13:50:04 GMT+03:00" name="Default suite" finished-at="2025-05-05T13:51:01 GMT+03:00" duration-ms="56728">
    <groups>
    </groups>
    <test started-at="2025-05-05T13:50:04 GMT+03:00" name="Default test" finished-at="2025-05-05T13:51:01 GMT+03:00" duration-ms="56728">
      <class name="almosafer.almosafer.AlmosaferTest">
        <test-method is-config="true" signature="mySetup()[pri:0, instance:almosafer.almosafer.AlmosaferTest@75cd8043]" started-at="2025-05-05T13:50:04 GMT+03:00" name="mySetup" finished-at="2025-05-05T13:50:08 GMT+03:00" duration-ms="3623" status="PASS">
          <reporter-output>
          </reporter-output>
        </test-method> <!-- mySetup -->
        <test-method signature="CheckTheDefaultLanguageIsEnglish()[pri:1, instance:almosafer.almosafer.AlmosaferTest@75cd8043]" started-at="2025-05-05T13:50:08 GMT+03:00" name="CheckTheDefaultLanguageIsEnglish" finished-at="2025-05-05T13:50:11 GMT+03:00" duration-ms="3065" status="PASS">
          <reporter-output>
          </reporter-output>
        </test-method> <!-- CheckTheDefaultLanguageIsEnglish -->
        <test-method signature="CheckDefaultCurrencyIsSAR()[pri:2, instance:almosafer.almosafer.AlmosaferTest@75cd8043]" started-at="2025-05-05T13:50:11 GMT+03:00" name="CheckDefaultCurrencyIsSAR" finished-at="2025-05-05T13:50:14 GMT+03:00" duration-ms="3067" status="PASS">
          <reporter-output>
          </reporter-output>
        </test-method> <!-- CheckDefaultCurrencyIsSAR -->
        <test-method signature="CheckTheContactNumber()[pri:3, instance:almosafer.almosafer.AlmosaferTest@75cd8043]" started-at="2025-05-05T13:50:14 GMT+03:00" name="CheckTheContactNumber" finished-at="2025-05-05T13:50:17 GMT+03:00" duration-ms="3053" status="PASS">
          <reporter-output>
          </reporter-output>
        </test-method> <!-- CheckTheContactNumber -->
        <test-method signature="TestVerifyQitafLogoInFooter()[pri:4, instance:almosafer.almosafer.AlmosaferTest@75cd8043]" started-at="2025-05-05T13:50:17 GMT+03:00" name="TestVerifyQitafLogoInFooter" finished-at="2025-05-05T13:50:23 GMT+03:00" duration-ms="5737" status="PASS">
          <reporter-output>
          </reporter-output>
        </test-method> <!-- TestVerifyQitafLogoInFooter -->
        <test-method signature="checkHotelsTabNotSelectedByDefault()[pri:5, instance:almosafer.almosafer.AlmosaferTest@75cd8043]" started-at="2025-05-05T13:50:23 GMT+03:00" name="checkHotelsTabNotSelectedByDefault" finished-at="2025-05-05T13:50:26 GMT+03:00" duration-ms="3041" status="PASS">
          <reporter-output>
          </reporter-output>
        </test-method> <!-- checkHotelsTabNotSelectedByDefault -->
        <test-method signature="checkDepartureDateIsDayAfterTomorrow()[pri:6, instance:almosafer.almosafer.AlmosaferTest@75cd8043]" started-at="2025-05-05T13:50:26 GMT+03:00" name="checkDepartureDateIsDayAfterTomorrow" finished-at="2025-05-05T13:50:29 GMT+03:00" duration-ms="3076" status="PASS">
          <reporter-output>
          </reporter-output>
        </test-method> <!-- checkDepartureDateIsDayAfterTomorrow -->
        <test-method signature="checkReturnDateIsDayAfterTomorrow()[pri:7, instance:almosafer.almosafer.AlmosaferTest@75cd8043]" started-at="2025-05-05T13:50:29 GMT+03:00" name="checkReturnDateIsDayAfterTomorrow" finished-at="2025-05-05T13:50:32 GMT+03:00" duration-ms="3062" status="PASS">
          <reporter-output>
          </reporter-output>
        </test-method> <!-- checkReturnDateIsDayAfterTomorrow -->
        <test-method signature="changeLanguageRandomly()[pri:8, instance:almosafer.almosafer.AlmosaferTest@75cd8043]" started-at="2025-05-05T13:50:32 GMT+03:00" name="changeLanguageRandomly" finished-at="2025-05-05T13:50:38 GMT+03:00" duration-ms="5503" status="PASS">
          <reporter-output>
          </reporter-output>
        </test-method> <!-- changeLanguageRandomly -->
        <test-method signature="switchToHotelTab()[pri:9, instance:almosafer.almosafer.AlmosaferTest@75cd8043]" started-at="2025-05-05T13:50:38 GMT+03:00" name="switchToHotelTab" finished-at="2025-05-05T13:50:43 GMT+03:00" duration-ms="5708" status="PASS">
          <reporter-output>
          </reporter-output>
        </test-method> <!-- switchToHotelTab -->
        <test-method signature="TestSelectRandomStayOption()[pri:10, instance:almosafer.almosafer.AlmosaferTest@75cd8043]" started-at="2025-05-05T13:50:43 GMT+03:00" name="TestSelectRandomStayOption" finished-at="2025-05-05T13:50:46 GMT+03:00" duration-ms="2422" status="PASS">
          <reporter-output>
          </reporter-output>
        </test-method> <!-- TestSelectRandomStayOption -->
        <test-method signature="clickOnSearchHotelsButton()[pri:11, instance:almosafer.almosafer.AlmosaferTest@75cd8043]" started-at="2025-05-05T13:50:46 GMT+03:00" name="clickOnSearchHotelsButton" finished-at="2025-05-05T13:50:57 GMT+03:00" duration-ms="11211" status="PASS">
          <reporter-output>
          </reporter-output>
        </test-method> <!-- clickOnSearchHotelsButton -->
        <test-method signature="waitForHotelsResultsToLoad()[pri:12, instance:almosafer.almosafer.AlmosaferTest@75cd8043]" started-at="2025-05-05T13:50:57 GMT+03:00" name="waitForHotelsResultsToLoad" finished-at="2025-05-05T13:51:01 GMT+03:00" duration-ms="4056" status="PASS">
          <reporter-output>
          </reporter-output>
        </test-method> <!-- waitForHotelsResultsToLoad -->
      </class> <!-- almosafer.almosafer.AlmosaferTest -->
    </test> <!-- Default test -->
  </suite> <!-- Default suite -->
</testng-results>
